2018-01-02 11:40:39,669 [main] INFO  org.mule.module.launcher.application.DefaultMuleApplication - 
++++++++++++++++++++++++++++++++++++++++++++++++++++++++++++
+ Initializing app 'consumingsoapdb'                       +
++++++++++++++++++++++++++++++++++++++++++++++++++++++++++++
2018-01-02 11:40:40,046 [main] INFO  org.mule.lifecycle.AbstractLifecycleManager - Initialising RegistryBroker
2018-01-02 11:40:40,319 [main] INFO  org.mule.module.extension.internal.manager.DefaultExtensionManager - Starting discovery of extensions
2018-01-02 11:40:40,657 [main] INFO  org.mule.module.extension.internal.manager.DefaultExtensionManager - Discovered 1 extensions
2018-01-02 11:40:40,657 [main] INFO  org.mule.module.extension.internal.manager.DefaultExtensionManager - Registering extension validation (version 3.8)
2018-01-02 11:40:40,800 [main] INFO  org.mule.config.spring.MuleArtifactContext - Refreshing org.mule.config.spring.MuleArtifactContext@544630b7: startup date [Tue Jan 02 11:40:40 IST 2018]; root of context hierarchy
2018-01-02 11:40:43,322 [main] INFO  org.mule.config.spring.processors.NoDevkitInjectorProcessor - JSR-330 'javax.inject.Inject' annotation found and supported for autowiring
2018-01-02 11:40:45,111 [main] WARN  org.mule.module.ognl.expression.OgnlExpressionEvaluator - OGNL module is deprecated and will be removed in Mule 4.0. Use MEL expressions instead.
2018-01-02 11:40:46,374 [main] INFO  org.mule.util.journal.TransactionJournal - Using files for tx logs C:\Users\M1043089\AnypointStudio\workspace\.mule\.\.mule\consumingsoapdb\queue-tx-log\tx1.log and C:\Users\M1043089\AnypointStudio\workspace\.mule\.\.mule\consumingsoapdb\queue-tx-log\tx2.log
2018-01-02 11:40:46,437 [main] INFO  org.mule.util.journal.TransactionJournal - Using files for tx logs C:\Users\M1043089\AnypointStudio\workspace\.mule\.\.mule\consumingsoapdb\queue-xa-tx-log\tx1.log and C:\Users\M1043089\AnypointStudio\workspace\.mule\.\.mule\consumingsoapdb\queue-xa-tx-log\tx2.log
2018-01-02 11:40:46,654 [main] INFO  org.mule.lifecycle.AbstractLifecycleManager - Initialising model: _muleSystemModel
2018-01-02 11:40:46,658 [main] INFO  org.mule.construct.FlowConstructLifecycleManager - Initialising flow: consumingsoapdbFlow
2018-01-02 11:40:46,659 [main] INFO  org.mule.exception.DefaultMessagingExceptionStrategy - Initialising exception listener: org.mule.exception.DefaultMessagingExceptionStrategy@6e31d989
2018-01-02 11:40:46,710 [main] INFO  org.mule.processor.SedaStageLifecycleManager - Initialising service: consumingsoapdbFlow.stage1
2018-01-02 11:40:47,046 [main] WARN  org.mule.util.xmlsecurity.DefaultXMLSecureFactories - Can't configure XML entity expansion for TransformerFactory (org.apache.xalan.processor.TransformerFactoryImpl), this could introduce XXE and BL vulnerabilities
2018-01-02 11:40:48,271 [main] INFO  org.mule.module.ws.consumer.RequestBodyGenerator - The selected operation does not require input parameters, the payload will be ignored
2018-01-02 11:40:50,119 [main] INFO  org.mule.config.spring.SpringXmlConfigurationBuilder - Configured Mule using "org.mule.config.spring.SpringXmlConfigurationBuilder" with configuration resource(s): "[ConfigResource{resourceName='C:\Users\M1043089\AnypointStudio\workspace\.mule\apps\consumingsoapdb\consumingsoapdb.xml'}]"
2018-01-02 11:40:50,120 [main] INFO  org.mule.config.builders.AutoConfigurationBuilder - Configured Mule using "org.mule.config.builders.AutoConfigurationBuilder" with configuration resource(s): "[ConfigResource{resourceName='C:\Users\M1043089\AnypointStudio\workspace\.mule\apps\consumingsoapdb\consumingsoapdb.xml'}]"
2018-01-02 11:40:53,155 [main] INFO  org.mule.module.launcher.application.DefaultMuleApplication - 
++++++++++++++++++++++++++++++++++++++++++++++++++++++++++++
+ Starting app 'consumingsoapdb'                           +
++++++++++++++++++++++++++++++++++++++++++++++++++++++++++++
2018-01-02 11:40:53,162 [main] INFO  org.mule.util.queue.QueueXaResourceManager - Starting ResourceManager
2018-01-02 11:40:53,163 [main] INFO  org.mule.util.queue.QueueXaResourceManager - Started ResourceManager
2018-01-02 11:40:53,266 [main] INFO  org.mule.module.http.internal.listener.DefaultHttpListenerConfig - Listening for requests on http://0.0.0.0:5667
2018-01-02 11:40:53,269 [main] INFO  org.mule.modules.oauth2.provider.agents.DefaultSplashScreenAgent - 
++++++++++++++++++++++++++++++++++++++++++++++++++++++++++++++++++++++++++++++++
+ DevKit Extensions (0) used in this application 
                             +
++++++++++++++++++++++++++++++++++++++++++++++++++++++++++++++++++++++++++++++++
2018-01-02 11:40:53,272 [main] INFO  org.mule.lifecycle.AbstractLifecycleManager - Starting model: _muleSystemModel
2018-01-02 11:40:53,274 [main] INFO  org.mule.construct.FlowConstructLifecycleManager - Starting flow: consumingsoapdbFlow
2018-01-02 11:40:53,274 [main] INFO  org.mule.processor.SedaStageLifecycleManager - Starting service: consumingsoapdbFlow.stage1
2018-01-02 11:40:53,335 [main] INFO  org.mule.module.management.agent.WrapperManagerAgent - This JVM hasn't been launched by the wrapper, the agent will not run.
2018-01-02 11:40:53,364 [main] INFO  org.mule.DefaultMuleContext - 
**********************************************************************
* Application: consumingsoapdb                                       *
* OS encoding: \, Mule encoding: UTF-8                               *
*                                                                    *
* Agents Running:                                                    *
*   DevKit Extension Information                                     *
*   Batch module default engine                                      *
*   JMX Agent                                                        *
*   Wrapper Manager                                                  *
**********************************************************************
